#
# A fatal error has been detected by the Java Runtime Environment:
#
#  Internal Error (javaClasses.cpp:129), pid=6039, tid=3060558656
#  fatal error: Invalid layout of preloaded class
#
# JRE version: 7.0_25-b30
# Java VM: OpenJDK Server VM (23.7-b01 mixed mode linux-x86 )
# Failed to write core dump. Core dumps have been disabled. To enable core dumping, try "ulimit -c unlimited" before starting Java again
#
# If you would like to submit a bug report, please include
# instructions on how to reproduce the bug and visit:
#   https://bugs.launchpad.net/ubuntu/+source/openjdk-7/
#

---------------  T H R E A D  ---------------

Current thread (0xb6506800):  JavaThread "Unknown thread" [_thread_in_vm, id=6045, stack(0xb6676000,0xb66c7000)]

Stack: [0xb6676000,0xb66c7000]
[error occurred during error reporting (printing stack bounds), id 0xb]


[error occurred during error reporting (printing native stack), id 0xb]


---------------  P R O C E S S  ---------------

Java Threads: ( => current thread )

Other Threads:

=>0xb6506800 (exited) JavaThread "Unknown thread" [_thread_in_vm, id=6045, stack(0xb6676000,0xb66c7000)]

VM state:not at safepoint (not fully initialized)

VM Mutex/Monitor currently owned by a thread: None

GC Heap History (0 events):
No events

Deoptimization events (0 events):
No events

Internal exceptions (0 events):
No events

Events (10 events):
Event: 0.010 loading class 0xb6534678 done
Event: 0.011 loading class 0xb6533fb8 done
Event: 0.011 loading class 0xb6533f90
Event: 0.011 loading class 0xb6553bc8
Event: 0.011 loading class 0xb6553bc8 done
Event: 0.011 loading class 0xb6553c00
Event: 0.011 loading class 0xb6553c00 done
Event: 0.011 loading class 0xb6553c38
Event: 0.011 loading class 0xb6553c38 done
Event: 0.011 loading class 0xb6533f90 done


Dynamic libraries:
08048000-08049000 r-xp 00000000 07:00 409787     /usr/lib/jvm/java-7-openjdk-i386/jre/bin/java
08049000-0804a000 r--p 00000000 07:00 409787     /usr/lib/jvm/java-7-openjdk-i386/jre/bin/java
0804a000-0804b000 rw-p 00001000 07:00 409787     /usr/lib/jvm/java-7-openjdk-i386/jre/bin/java
09d6f000-09d90000 rw-p 00000000 00:00 0          [heap]
6a6d0000-6a78e000 r--s 00fac000 07:00 535939     /home/jvalansi/Programs/android-sdk-linux/platforms/android-15/android.jar
6a78e000-6d500000 rw-p 00000000 00:00 0 
6d500000-6d521000 rw-p 00000000 00:00 0 
6d521000-6d600000 ---p 00000000 00:00 0 
6d67f000-6d680000 ---p 00000000 00:00 0 
6d680000-6d700000 rw-p 00000000 00:00 0          [stack:6049]
6d700000-6d721000 rw-p 00000000 00:00 0 
6d721000-6d800000 ---p 00000000 00:00 0 
6d800000-6d821000 rw-p 00000000 00:00 0 
6d821000-6d900000 ---p 00000000 00:00 0 
6d97f000-6d980000 ---p 00000000 00:00 0 
6d980000-6da00000 rw-p 00000000 00:00 0          [stack:6048]
6da00000-6da21000 rw-p 00000000 00:00 0 
6da21000-6db00000 ---p 00000000 00:00 0 
6db4a000-6db6c000 rw-p 00000000 00:00 0 
6db6c000-6db6d000 ---p 00000000 00:00 0 
6db6d000-6dbed000 rw-p 00000000 00:00 0          [stack:6047]
6dbed000-6dbee000 ---p 00000000 00:00 0 
6dbee000-6dc76000 rw-p 00000000 00:00 0          [stack:6046]
6dc76000-6dcae000 rw-p 00000000 00:00 0 
6dcae000-6dcc3000 rw-p 00000000 00:00 0 
6dcc3000-6ddf5000 rw-p 00000000 00:00 0 
6ddf5000-6ddfd000 rw-p 00000000 00:00 0 
6ddfd000-6de35000 rw-p 00000000 00:00 0 
6de35000-6de4a000 rw-p 00000000 00:00 0 
6de4a000-6df7b000 rw-p 00000000 00:00 0 
6df7b000-6df86000 rw-p 00000000 00:00 0 
6df86000-6e01f000 rw-p 00000000 00:00 0 
6e01f000-6f020000 rw-p 00000000 00:00 0 
6f020000-76020000 rw-p 00000000 00:00 0 
76020000-78900000 rw-p 00000000 00:00 0 
78900000-9ed80000 rw-p 00000000 00:00 0 
9ed80000-a01e0000 rw-p 00000000 00:00 0 
a01e0000-b3420000 rw-p 00000000 00:00 0 
b3427000-b3430000 rw-p 00000000 00:00 0 
b3430000-b34e7000 rw-p 00000000 00:00 0 
b34e7000-b3727000 rwxp 00000000 00:00 0 
b3727000-b64e7000 rw-p 00000000 00:00 0 
b64e7000-b64f2000 r-xp 00000000 07:00 1047407    /lib/i386-linux-gnu/libnss_files-2.17.so
b64f2000-b64f3000 r--p 0000a000 07:00 1047407    /lib/i386-linux-gnu/libnss_files-2.17.so
b64f3000-b64f4000 rw-p 0000b000 07:00 1047407    /lib/i386-linux-gnu/libnss_files-2.17.so
b64f4000-b64fe000 r-xp 00000000 07:00 1072973    /lib/i386-linux-gnu/libnss_nis-2.17.so
b64fe000-b64ff000 r--p 00009000 07:00 1072973    /lib/i386-linux-gnu/libnss_nis-2.17.so
b64ff000-b6500000 rw-p 0000a000 07:00 1072973    /lib/i386-linux-gnu/libnss_nis-2.17.so
b6500000-b655e000 rw-p 00000000 00:00 0 
b655e000-b6600000 ---p 00000000 00:00 0 
b660b000-b6620000 r-xp 00000000 07:00 1073471    /lib/i386-linux-gnu/libnsl-2.17.so
b6620000-b6621000 r--p 00014000 07:00 1073471    /lib/i386-linux-gnu/libnsl-2.17.so
b6621000-b6622000 rw-p 00015000 07:00 1073471    /lib/i386-linux-gnu/libnsl-2.17.so
b6622000-b6624000 rw-p 00000000 00:00 0 
b6624000-b662b000 r-xp 00000000 07:00 1047404    /lib/i386-linux-gnu/libnss_compat-2.17.so
b662b000-b662c000 r--p 00006000 07:00 1047404    /lib/i386-linux-gnu/libnss_compat-2.17.so
b662c000-b662d000 rw-p 00007000 07:00 1047404    /lib/i386-linux-gnu/libnss_compat-2.17.so
b6632000-b663a000 r-xp 00000000 07:00 409854     /usr/lib/jvm/java-7-openjdk-i386/jre/lib/i386/libzip.so
b663a000-b663b000 r--p 00007000 07:00 409854     /usr/lib/jvm/java-7-openjdk-i386/jre/lib/i386/libzip.so
b663b000-b663c000 rw-p 00008000 07:00 409854     /usr/lib/jvm/java-7-openjdk-i386/jre/lib/i386/libzip.so
b663c000-b6644000 rw-s 00000000 07:00 1439046    /tmp/hsperfdata_jvalansi/6039
b6644000-b666b000 r-xp 00000000 07:00 409885     /usr/lib/jvm/java-7-openjdk-i386/jre/lib/i386/libjava.so
b666b000-b666c000 r--p 00026000 07:00 409885     /usr/lib/jvm/java-7-openjdk-i386/jre/lib/i386/libjava.so
b666c000-b666d000 rw-p 00027000 07:00 409885     /usr/lib/jvm/java-7-openjdk-i386/jre/lib/i386/libjava.so
b666d000-b6674000 r-xp 00000000 07:00 1046579    /lib/i386-linux-gnu/librt-2.17.so
b6674000-b6675000 r--p 00006000 07:00 1046579    /lib/i386-linux-gnu/librt-2.17.so
b6675000-b6676000 rw-p 00007000 07:00 1046579    /lib/i386-linux-gnu/librt-2.17.so
b6676000-b6679000 ---p 00000000 00:00 0 
b6679000-b66c7000 rw-p 00000000 00:00 0          [stack:6045]
b66c7000-b66e2000 r-xp 00000000 07:00 1047216    /lib/i386-linux-gnu/libgcc_s.so.1
b66e2000-b66e3000 r--p 0001a000 07:00 1047216    /lib/i386-linux-gnu/libgcc_s.so.1
b66e3000-b66e4000 rw-p 0001b000 07:00 1047216    /lib/i386-linux-gnu/libgcc_s.so.1
b66e4000-b6725000 r-xp 00000000 07:00 1047406    /lib/i386-linux-gnu/libm-2.17.so
b6725000-b6726000 r--p 00040000 07:00 1047406    /lib/i386-linux-gnu/libm-2.17.so
b6726000-b6727000 rw-p 00041000 07:00 1047406    /lib/i386-linux-gnu/libm-2.17.so
b6727000-b6803000 r-xp 00000000 07:00 1179539    /usr/lib/i386-linux-gnu/libstdc++.so.6.0.17
b6803000-b6804000 ---p 000dc000 07:00 1179539    /usr/lib/i386-linux-gnu/libstdc++.so.6.0.17
b6804000-b6808000 r--p 000dc000 07:00 1179539    /usr/lib/i386-linux-gnu/libstdc++.so.6.0.17
b6808000-b6809000 rw-p 000e0000 07:00 1179539    /usr/lib/i386-linux-gnu/libstdc++.so.6.0.17
b6809000-b6810000 rw-p 00000000 00:00 0 
b6810000-b7101000 r-xp 00000000 07:00 409858     /usr/lib/jvm/java-7-openjdk-i386/jre/lib/i386/server/libjvm.so
b7101000-b7148000 r--p 008f1000 07:00 409858     /usr/lib/jvm/java-7-openjdk-i386/jre/lib/i386/server/libjvm.so
b7148000-b715c000 rw-p 00938000 07:00 409858     /usr/lib/jvm/java-7-openjdk-i386/jre/lib/i386/server/libjvm.so
b715c000-b757a000 rw-p 00000000 00:00 0 
b757a000-b7591000 r-xp 00000000 07:00 1047242    /lib/i386-linux-gnu/libz.so.1.2.7
b7591000-b7592000 r--p 00016000 07:00 1047242    /lib/i386-linux-gnu/libz.so.1.2.7
b7592000-b7593000 rw-p 00017000 07:00 1047242    /lib/i386-linux-gnu/libz.so.1.2.7
b7593000-b75aa000 r-xp 00000000 07:00 1072935    /lib/i386-linux-gnu/libpthread-2.17.so
b75aa000-b75ab000 r--p 00016000 07:00 1072935    /lib/i386-linux-gnu/libpthread-2.17.so
b75ab000-b75ac000 rw-p 00017000 07:00 1072935    /lib/i386-linux-gnu/libpthread-2.17.so
b75ac000-b75ae000 rw-p 00000000 00:00 0 
b75ae000-b75b1000 r-xp 00000000 07:00 1073422    /lib/i386-linux-gnu/libdl-2.17.so
b75b1000-b75b2000 r--p 00002000 07:00 1073422    /lib/i386-linux-gnu/libdl-2.17.so
b75b2000-b75b3000 rw-p 00003000 07:00 1073422    /lib/i386-linux-gnu/libdl-2.17.so
b75b3000-b7760000 r-xp 00000000 07:00 1047408    /lib/i386-linux-gnu/libc-2.17.so
b7760000-b7762000 r--p 001ad000 07:00 1047408    /lib/i386-linux-gnu/libc-2.17.so
b7762000-b7763000 rw-p 001af000 07:00 1047408    /lib/i386-linux-gnu/libc-2.17.so
b7763000-b7766000 rw-p 00000000 00:00 0 
b776c000-b776d000 rw-p 00000000 00:00 0 
b776d000-b776e000 r--p 00000000 00:00 0 
b776e000-b777b000 r-xp 00000000 07:00 409871     /usr/lib/jvm/java-7-openjdk-i386/jre/lib/i386/libverify.so
b777b000-b777c000 r--p 0000d000 07:00 409871     /usr/lib/jvm/java-7-openjdk-i386/jre/lib/i386/libverify.so
b777c000-b777d000 rw-p 0000e000 07:00 409871     /usr/lib/jvm/java-7-openjdk-i386/jre/lib/i386/libverify.so
b777d000-b778a000 r-xp 00000000 07:00 409879     /usr/lib/jvm/java-7-openjdk-i386/jre/lib/i386/jli/libjli.so
b778a000-b778b000 r--p 0000c000 07:00 409879     /usr/lib/jvm/java-7-openjdk-i386/jre/lib/i386/jli/libjli.so
b778b000-b778c000 rw-p 0000d000 07:00 409879     /usr/lib/jvm/java-7-openjdk-i386/jre/lib/i386/jli/libjli.so
b778c000-b778f000 rw-p 00000000 00:00 0 
b778f000-b7790000 r-xp 00000000 00:00 0          [vdso]
b7790000-b77b0000 r-xp 00000000 07:00 1073470    /lib/i386-linux-gnu/ld-2.17.so
b77b0000-b77b1000 r--p 0001f000 07:00 1073470    /lib/i386-linux-gnu/ld-2.17.so
b77b1000-b77b2000 rw-p 00020000 07:00 1073470    /lib/i386-linux-gnu/ld-2.17.so
bfaea000-bfb0b000 rw-p 00000000 00:00 0          [stack]

VM Arguments:
jvm_args: -Dfile.encoding=UTF-8 -Xbootclasspath:/home/jvalansi/Programs/android-sdk-linux/platforms/android-15/android.jar 
java_command: com.example.boardgame.Game
Launcher Type: SUN_STANDARD

Environment Variables:
PATH=/usr/lib/lightdm/lightdm:/usr/local/sbin:/usr/local/bin:/usr/sbin:/usr/bin:/sbin:/bin:/usr/games:/usr/local/games
LD_LIBRARY_PATH=/usr/lib/jvm/java-7-openjdk-i386/jre/lib/i386/server:/usr/lib/jvm/java-7-openjdk-i386/jre/lib/i386:/usr/lib/jvm/java-7-openjdk-i386/jre/../lib/i386:/usr/lib/jvm/java-7-openjdk-i386/jre/lib/i386/client:/usr/lib/jvm/java-7-openjdk-i386/jre/lib/i386:
SHELL=/bin/bash
DISPLAY=:0.0

Signal Handlers:
SIGSEGV: [libjvm.so+0x758d30], sa_mask[0]=0x7ffbfeff, sa_flags=0x10000004
SIGBUS: [libjvm.so+0x758d30], sa_mask[0]=0x7ffbfeff, sa_flags=0x10000004
SIGFPE: [libjvm.so+0x5f4230], sa_mask[0]=0x7ffbfeff, sa_flags=0x10000004
SIGPIPE: [libjvm.so+0x5f4230], sa_mask[0]=0x7ffbfeff, sa_flags=0x10000004
SIGXFSZ: [libjvm.so+0x5f4230], sa_mask[0]=0x7ffbfeff, sa_flags=0x10000004
SIGILL: [libjvm.so+0x5f4230], sa_mask[0]=0x7ffbfeff, sa_flags=0x10000004
SIGUSR1: SIG_DFL, sa_mask[0]=0x00000000, sa_flags=0x00000000
SIGUSR2: [libjvm.so+0x5f40e0], sa_mask[0]=0x00000004, sa_flags=0x10000004
SIGHUP: SIG_DFL, sa_mask[0]=0x00000000, sa_flags=0x00000000
SIGINT: SIG_DFL, sa_mask[0]=0x00000000, sa_flags=0x00000000
SIGTERM: SIG_DFL, sa_mask[0]=0x00000000, sa_flags=0x00000000
SIGQUIT: SIG_DFL, sa_mask[0]=0x00000000, sa_flags=0x00000000


---------------  S Y S T E M  ---------------

OS:Ubuntu 13.04 (raring)
uname:Linux 3.8.0-30-generic #44-Ubuntu SMP Thu Aug 22 20:54:42 UTC 2013 i686
libc:glibc 2.17 NPTL 2.17 
rlimit: STACK 8192k, CORE 0k, NPROC 31214, NOFILE 4096, AS infinity
load average:0.16 0.22 0.22

/proc/meminfo:
MemTotal:        4011912 kB
MemFree:          169200 kB
Buffers:          686944 kB
Cached:          2165324 kB
SwapCached:            0 kB
Active:           999368 kB
Inactive:        2746528 kB
Active(anon):     655364 kB
Inactive(anon):   575032 kB
Active(file):     344004 kB
Inactive(file):  2171496 kB
Unevictable:        1528 kB
Mlocked:              32 kB
HighTotal:       3162248 kB
HighFree:          85560 kB
LowTotal:         849664 kB
LowFree:           83640 kB
SwapTotal:        262140 kB
SwapFree:         262140 kB
Dirty:               252 kB
Writeback:             0 kB
AnonPages:        895240 kB
Mapped:           186200 kB
Shmem:            335248 kB
Slab:              57896 kB
SReclaimable:      38708 kB
SUnreclaim:        19188 kB
KernelStack:        4152 kB
PageTables:         9756 kB
NFS_Unstable:          0 kB
Bounce:                0 kB
WritebackTmp:          0 kB
CommitLimit:     2268096 kB
Committed_AS:    4226032 kB
VmallocTotal:     122880 kB
VmallocUsed:       15492 kB
VmallocChunk:     104172 kB
HardwareCorrupted:     0 kB
AnonHugePages:         0 kB
HugePages_Total:       0
HugePages_Free:        0
HugePages_Rsvd:        0
HugePages_Surp:        0
Hugepagesize:       2048 kB
DirectMap4k:       10232 kB
DirectMap2M:      903168 kB


CPU:total 4 (2 cores per cpu, 2 threads per core) family 6 model 42 stepping 7, cmov, cx8, fxsr, mmx, sse, sse2, sse3, ssse3, sse4.1, sse4.2, popcnt, avx, ht, tsc, tscinvbit

/proc/cpuinfo:
processor	: 0
vendor_id	: GenuineIntel
cpu family	: 6
model		: 42
model name	: Intel(R) Core(TM) i5-2450M CPU @ 2.50GHz
stepping	: 7
microcode	: 0x28
cpu MHz		: 2501.000
cache size	: 3072 KB
physical id	: 0
siblings	: 4
core id		: 0
cpu cores	: 2
apicid		: 0
initial apicid	: 0
fdiv_bug	: no
hlt_bug		: no
f00f_bug	: no
coma_bug	: no
fpu		: yes
fpu_exception	: yes
cpuid level	: 13
wp		: yes
flags		: fpu vme de pse tsc msr pae mce cx8 apic sep mtrr pge mca cmov pat pse36 clflush dts acpi mmx fxsr sse sse2 ss ht tm pbe nx rdtscp lm constant_tsc arch_perfmon pebs bts xtopology nonstop_tsc aperfmperf eagerfpu pni pclmulqdq dtes64 monitor ds_cpl vmx est tm2 ssse3 cx16 xtpr pdcm pcid sse4_1 sse4_2 x2apic popcnt tsc_deadline_timer aes xsave avx lahf_lm ida arat epb xsaveopt pln pts dtherm tpr_shadow vnmi flexpriority ept vpid
bogomips	: 4988.36
clflush size	: 64
cache_alignment	: 64
address sizes	: 36 bits physical, 48 bits virtual
power management:

processor	: 1
vendor_id	: GenuineIntel
cpu family	: 6
model		: 42
model name	: Intel(R) Core(TM) i5-2450M CPU @ 2.50GHz
stepping	: 7
microcode	: 0x28
cpu MHz		: 2501.000
cache size	: 3072 KB
physical id	: 0
siblings	: 4
core id		: 0
cpu cores	: 2
apicid		: 1
initial apicid	: 1
fdiv_bug	: no
hlt_bug		: no
f00f_bug	: no
coma_bug	: no
fpu		: yes
fpu_exception	: yes
cpuid level	: 13
wp		: yes
flags		: fpu vme de pse tsc msr pae mce cx8 apic sep mtrr pge mca cmov pat pse36 clflush dts acpi mmx fxsr sse sse2 ss ht tm pbe nx rdtscp lm constant_tsc arch_perfmon pebs bts xtopology nonstop_tsc aperfmperf eagerfpu pni pclmulqdq dtes64 monitor ds_cpl vmx est tm2 ssse3 cx16 xtpr pdcm pcid sse4_1 sse4_2 x2apic popcnt tsc_deadline_timer aes xsave avx lahf_lm ida arat epb xsaveopt pln pts dtherm tpr_shadow vnmi flexpriority ept vpid
bogomips	: 4988.36
clflush size	: 64
cache_alignment	: 64
address sizes	: 36 bits physical, 48 bits virtual
power management:

processor	: 2
vendor_id	: GenuineIntel
cpu family	: 6
model		: 42
model name	: Intel(R) Core(TM) i5-2450M CPU @ 2.50GHz
stepping	: 7
microcode	: 0x28
cpu MHz		: 2501.000
cache size	: 3072 KB
physical id	: 0
siblings	: 4
core id		: 1
cpu cores	: 2
apicid		: 2
initial apicid	: 2
fdiv_bug	: no
hlt_bug		: no
f00f_bug	: no
coma_bug	: no
fpu		: yes
fpu_exception	: yes
cpuid level	: 13
wp		: yes
flags		: fpu vme de pse tsc msr pae mce cx8 apic sep mtrr pge mca cmov pat pse36 clflush dts acpi mmx fxsr sse sse2 ss ht tm pbe nx rdtscp lm constant_tsc arch_perfmon pebs bts xtopology nonstop_tsc aperfmperf eagerfpu pni pclmulqdq dtes64 monitor ds_cpl vmx est tm2 ssse3 cx16 xtpr pdcm pcid sse4_1 sse4_2 x2apic popcnt tsc_deadline_timer aes xsave avx lahf_lm ida arat epb xsaveopt pln pts dtherm tpr_shadow vnmi flexpriority ept vpid
bogomips	: 4988.36
clflush size	: 64
cache_alignment	: 64
address sizes	: 36 bits physical, 48 bits virtual
power management:

processor	: 3
vendor_id	: GenuineIntel
cpu family	: 6
model		: 42
model name	: Intel(R) Core(TM) i5-2450M CPU @ 2.50GHz
stepping	: 7
microcode	: 0x28
cpu MHz		: 2501.000
cache size	: 3072 KB
physical id	: 0
siblings	: 4
core id		: 1
cpu cores	: 2
apicid		: 3
initial apicid	: 3
fdiv_bug	: no
hlt_bug		: no
f00f_bug	: no
coma_bug	: no
fpu		: yes
fpu_exception	: yes
cpuid level	: 13
wp		: yes
flags		: fpu vme de pse tsc msr pae mce cx8 apic sep mtrr pge mca cmov pat pse36 clflush dts acpi mmx fxsr sse sse2 ss ht tm pbe nx rdtscp lm constant_tsc arch_perfmon pebs bts xtopology nonstop_tsc aperfmperf eagerfpu pni pclmulqdq dtes64 monitor ds_cpl vmx est tm2 ssse3 cx16 xtpr pdcm pcid sse4_1 sse4_2 x2apic popcnt tsc_deadline_timer aes xsave avx lahf_lm ida arat epb xsaveopt pln pts dtherm tpr_shadow vnmi flexpriority ept vpid
bogomips	: 4988.36
clflush size	: 64
cache_alignment	: 64
address sizes	: 36 bits physical, 48 bits virtual
power management:



Memory: 4k page, physical 4011912k(169200k free), swap 262140k(262140k free)

vm_info: OpenJDK Server VM (23.7-b01) for linux-x86 JRE (1.7.0_25-b30), built on Jul  3 2013 13:58:32 by "buildd" with gcc 4.7.3

time: Mon Sep  9 10:13:17 2013
elapsed time: 0 seconds

