#
# A fatal error has been detected by the Java Runtime Environment:
#
#  Internal Error (javaClasses.cpp:129), pid=7843, tid=3059972928
#  fatal error: Invalid layout of preloaded class
#
# JRE version: 7.0_25-b30
# Java VM: OpenJDK Server VM (23.7-b01 mixed mode linux-x86 )
# Failed to write core dump. Core dumps have been disabled. To enable core dumping, try "ulimit -c unlimited" before starting Java again
#
# If you would like to submit a bug report, please include
# instructions on how to reproduce the bug and visit:
#   https://bugs.launchpad.net/ubuntu/+source/openjdk-7/
#

---------------  T H R E A D  ---------------

Current thread (0xb6406800):  JavaThread "Unknown thread" [_thread_in_vm, id=7848, stack(0xb65e7000,0xb6638000)]

Stack: [0xb65e7000,0xb6638000]
[error occurred during error reporting (printing stack bounds), id 0xb]


[error occurred during error reporting (printing native stack), id 0xb]


---------------  P R O C E S S  ---------------

Java Threads: ( => current thread )

Other Threads:

=>0xb6406800 (exited) JavaThread "Unknown thread" [_thread_in_vm, id=7848, stack(0xb65e7000,0xb6638000)]

VM state:not at safepoint (not fully initialized)

VM Mutex/Monitor currently owned by a thread: None

GC Heap History (0 events):
No events

Deoptimization events (0 events):
No events

Internal exceptions (0 events):
No events

Events (10 events):
Event: 0.005 loading class 0xb6434678 done
Event: 0.005 loading class 0xb6433fb8 done
Event: 0.005 loading class 0xb6433f90
Event: 0.005 loading class 0xb6453bc8
Event: 0.005 loading class 0xb6453bc8 done
Event: 0.005 loading class 0xb6453c00
Event: 0.005 loading class 0xb6453c00 done
Event: 0.005 loading class 0xb6453c38
Event: 0.005 loading class 0xb6453c38 done
Event: 0.005 loading class 0xb6433f90 done


Dynamic libraries:
08048000-08049000 r-xp 00000000 07:00 409787     /usr/lib/jvm/java-7-openjdk-i386/jre/bin/java
08049000-0804a000 r--p 00000000 07:00 409787     /usr/lib/jvm/java-7-openjdk-i386/jre/bin/java
0804a000-0804b000 rw-p 00001000 07:00 409787     /usr/lib/jvm/java-7-openjdk-i386/jre/bin/java
0877f000-087a0000 rw-p 00000000 00:00 0          [heap]
6a5d0000-6a68e000 r--s 00fac000 07:00 535939     /home/jvalansi/Programs/android-sdk-linux/platforms/android-15/android.jar
6a68e000-6d400000 rw-p 00000000 00:00 0 
6d400000-6d421000 rw-p 00000000 00:00 0 
6d421000-6d500000 ---p 00000000 00:00 0 
6d57f000-6d580000 ---p 00000000 00:00 0 
6d580000-6d600000 rw-p 00000000 00:00 0          [stack:7852]
6d600000-6d621000 rw-p 00000000 00:00 0 
6d621000-6d700000 ---p 00000000 00:00 0 
6d77f000-6d780000 ---p 00000000 00:00 0 
6d780000-6d800000 rw-p 00000000 00:00 0          [stack:7851]
6d800000-6d821000 rw-p 00000000 00:00 0 
6d821000-6d900000 ---p 00000000 00:00 0 
6d97f000-6d980000 ---p 00000000 00:00 0 
6d980000-6da00000 rw-p 00000000 00:00 0          [stack:7850]
6da00000-6da21000 rw-p 00000000 00:00 0 
6da21000-6db00000 ---p 00000000 00:00 0 
6db4d000-6db4e000 ---p 00000000 00:00 0 
6db4e000-6dbe3000 rw-p 00000000 00:00 0          [stack:7849]
6dbe3000-6dd15000 rw-p 00000000 00:00 0 
6dd15000-6dd1d000 rw-p 00000000 00:00 0 
6dd1d000-6dd55000 rw-p 00000000 00:00 0 
6dd55000-6dd6a000 rw-p 00000000 00:00 0 
6dd6a000-6de9b000 rw-p 00000000 00:00 0 
6de9b000-6dea6000 rw-p 00000000 00:00 0 
6dea6000-6df3f000 rw-p 00000000 00:00 0 
6df3f000-6ef40000 rw-p 00000000 00:00 0 
6ef40000-75f40000 rw-p 00000000 00:00 0 
75f40000-78820000 rw-p 00000000 00:00 0 
78820000-9eca0000 rw-p 00000000 00:00 0 
9eca0000-a0100000 rw-p 00000000 00:00 0 
a0100000-b3340000 rw-p 00000000 00:00 0 
b3340000-b3349000 rw-p 00000000 00:00 0 
b3349000-b3400000 rw-p 00000000 00:00 0 
b3400000-b3640000 rwxp 00000000 00:00 0 
b3640000-b645e000 rw-p 00000000 00:00 0 
b645e000-b6500000 ---p 00000000 00:00 0 
b6501000-b652b000 rw-p 00000000 00:00 0 
b652b000-b6563000 rw-p 00000000 00:00 0 
b6563000-b656e000 r-xp 00000000 07:00 1047407    /lib/i386-linux-gnu/libnss_files-2.17.so
b656e000-b656f000 r--p 0000a000 07:00 1047407    /lib/i386-linux-gnu/libnss_files-2.17.so
b656f000-b6570000 rw-p 0000b000 07:00 1047407    /lib/i386-linux-gnu/libnss_files-2.17.so
b6570000-b657a000 r-xp 00000000 07:00 1072973    /lib/i386-linux-gnu/libnss_nis-2.17.so
b657a000-b657b000 r--p 00009000 07:00 1072973    /lib/i386-linux-gnu/libnss_nis-2.17.so
b657b000-b657c000 rw-p 0000a000 07:00 1072973    /lib/i386-linux-gnu/libnss_nis-2.17.so
b657c000-b6591000 r-xp 00000000 07:00 1073471    /lib/i386-linux-gnu/libnsl-2.17.so
b6591000-b6592000 r--p 00014000 07:00 1073471    /lib/i386-linux-gnu/libnsl-2.17.so
b6592000-b6593000 rw-p 00015000 07:00 1073471    /lib/i386-linux-gnu/libnsl-2.17.so
b6593000-b6595000 rw-p 00000000 00:00 0 
b6595000-b659c000 r-xp 00000000 07:00 1047404    /lib/i386-linux-gnu/libnss_compat-2.17.so
b659c000-b659d000 r--p 00006000 07:00 1047404    /lib/i386-linux-gnu/libnss_compat-2.17.so
b659d000-b659e000 rw-p 00007000 07:00 1047404    /lib/i386-linux-gnu/libnss_compat-2.17.so
b65a3000-b65ab000 r-xp 00000000 07:00 409854     /usr/lib/jvm/java-7-openjdk-i386/jre/lib/i386/libzip.so
b65ab000-b65ac000 r--p 00007000 07:00 409854     /usr/lib/jvm/java-7-openjdk-i386/jre/lib/i386/libzip.so
b65ac000-b65ad000 rw-p 00008000 07:00 409854     /usr/lib/jvm/java-7-openjdk-i386/jre/lib/i386/libzip.so
b65ad000-b65b5000 rw-s 00000000 07:00 1456718    /tmp/hsperfdata_jvalansi/7843
b65b5000-b65dc000 r-xp 00000000 07:00 409885     /usr/lib/jvm/java-7-openjdk-i386/jre/lib/i386/libjava.so
b65dc000-b65dd000 r--p 00026000 07:00 409885     /usr/lib/jvm/java-7-openjdk-i386/jre/lib/i386/libjava.so
b65dd000-b65de000 rw-p 00027000 07:00 409885     /usr/lib/jvm/java-7-openjdk-i386/jre/lib/i386/libjava.so
b65de000-b65e5000 r-xp 00000000 07:00 1046579    /lib/i386-linux-gnu/librt-2.17.so
b65e5000-b65e6000 r--p 00006000 07:00 1046579    /lib/i386-linux-gnu/librt-2.17.so
b65e6000-b65e7000 rw-p 00007000 07:00 1046579    /lib/i386-linux-gnu/librt-2.17.so
b65e7000-b65ea000 ---p 00000000 00:00 0 
b65ea000-b6638000 rw-p 00000000 00:00 0          [stack:7848]
b6638000-b6653000 r-xp 00000000 07:00 1047216    /lib/i386-linux-gnu/libgcc_s.so.1
b6653000-b6654000 r--p 0001a000 07:00 1047216    /lib/i386-linux-gnu/libgcc_s.so.1
b6654000-b6655000 rw-p 0001b000 07:00 1047216    /lib/i386-linux-gnu/libgcc_s.so.1
b6655000-b6696000 r-xp 00000000 07:00 1047406    /lib/i386-linux-gnu/libm-2.17.so
b6696000-b6697000 r--p 00040000 07:00 1047406    /lib/i386-linux-gnu/libm-2.17.so
b6697000-b6698000 rw-p 00041000 07:00 1047406    /lib/i386-linux-gnu/libm-2.17.so
b6698000-b6774000 r-xp 00000000 07:00 1179539    /usr/lib/i386-linux-gnu/libstdc++.so.6.0.17
b6774000-b6775000 ---p 000dc000 07:00 1179539    /usr/lib/i386-linux-gnu/libstdc++.so.6.0.17
b6775000-b6779000 r--p 000dc000 07:00 1179539    /usr/lib/i386-linux-gnu/libstdc++.so.6.0.17
b6779000-b677a000 rw-p 000e0000 07:00 1179539    /usr/lib/i386-linux-gnu/libstdc++.so.6.0.17
b677a000-b6781000 rw-p 00000000 00:00 0 
b6781000-b7072000 r-xp 00000000 07:00 409858     /usr/lib/jvm/java-7-openjdk-i386/jre/lib/i386/server/libjvm.so
b7072000-b70b9000 r--p 008f1000 07:00 409858     /usr/lib/jvm/java-7-openjdk-i386/jre/lib/i386/server/libjvm.so
b70b9000-b70cd000 rw-p 00938000 07:00 409858     /usr/lib/jvm/java-7-openjdk-i386/jre/lib/i386/server/libjvm.so
b70cd000-b74eb000 rw-p 00000000 00:00 0 
b74eb000-b7502000 r-xp 00000000 07:00 1047242    /lib/i386-linux-gnu/libz.so.1.2.7
b7502000-b7503000 r--p 00016000 07:00 1047242    /lib/i386-linux-gnu/libz.so.1.2.7
b7503000-b7504000 rw-p 00017000 07:00 1047242    /lib/i386-linux-gnu/libz.so.1.2.7
b7504000-b751b000 r-xp 00000000 07:00 1072935    /lib/i386-linux-gnu/libpthread-2.17.so
b751b000-b751c000 r--p 00016000 07:00 1072935    /lib/i386-linux-gnu/libpthread-2.17.so
b751c000-b751d000 rw-p 00017000 07:00 1072935    /lib/i386-linux-gnu/libpthread-2.17.so
b751d000-b751f000 rw-p 00000000 00:00 0 
b751f000-b7522000 r-xp 00000000 07:00 1073422    /lib/i386-linux-gnu/libdl-2.17.so
b7522000-b7523000 r--p 00002000 07:00 1073422    /lib/i386-linux-gnu/libdl-2.17.so
b7523000-b7524000 rw-p 00003000 07:00 1073422    /lib/i386-linux-gnu/libdl-2.17.so
b7524000-b76d1000 r-xp 00000000 07:00 1047408    /lib/i386-linux-gnu/libc-2.17.so
b76d1000-b76d3000 r--p 001ad000 07:00 1047408    /lib/i386-linux-gnu/libc-2.17.so
b76d3000-b76d4000 rw-p 001af000 07:00 1047408    /lib/i386-linux-gnu/libc-2.17.so
b76d4000-b76d7000 rw-p 00000000 00:00 0 
b76dd000-b76de000 rw-p 00000000 00:00 0 
b76de000-b76df000 r--p 00000000 00:00 0 
b76df000-b76ec000 r-xp 00000000 07:00 409871     /usr/lib/jvm/java-7-openjdk-i386/jre/lib/i386/libverify.so
b76ec000-b76ed000 r--p 0000d000 07:00 409871     /usr/lib/jvm/java-7-openjdk-i386/jre/lib/i386/libverify.so
b76ed000-b76ee000 rw-p 0000e000 07:00 409871     /usr/lib/jvm/java-7-openjdk-i386/jre/lib/i386/libverify.so
b76ee000-b76fb000 r-xp 00000000 07:00 409879     /usr/lib/jvm/java-7-openjdk-i386/jre/lib/i386/jli/libjli.so
b76fb000-b76fc000 r--p 0000c000 07:00 409879     /usr/lib/jvm/java-7-openjdk-i386/jre/lib/i386/jli/libjli.so
b76fc000-b76fd000 rw-p 0000d000 07:00 409879     /usr/lib/jvm/java-7-openjdk-i386/jre/lib/i386/jli/libjli.so
b76fd000-b7700000 rw-p 00000000 00:00 0 
b7700000-b7701000 r-xp 00000000 00:00 0          [vdso]
b7701000-b7721000 r-xp 00000000 07:00 1073470    /lib/i386-linux-gnu/ld-2.17.so
b7721000-b7722000 r--p 0001f000 07:00 1073470    /lib/i386-linux-gnu/ld-2.17.so
b7722000-b7723000 rw-p 00020000 07:00 1073470    /lib/i386-linux-gnu/ld-2.17.so
bfc26000-bfc47000 rw-p 00000000 00:00 0          [stack]

VM Arguments:
jvm_args: -Dfile.encoding=UTF-8 -Xbootclasspath:/home/jvalansi/Programs/android-sdk-linux/platforms/android-15/android.jar 
java_command: com.example.boardgame.Game
Launcher Type: SUN_STANDARD

Environment Variables:
PATH=/usr/lib/lightdm/lightdm:/usr/local/sbin:/usr/local/bin:/usr/sbin:/usr/bin:/sbin:/bin:/usr/games:/usr/local/games
LD_LIBRARY_PATH=/usr/lib/jvm/java-7-openjdk-i386/jre/lib/i386/server:/usr/lib/jvm/java-7-openjdk-i386/jre/lib/i386:/usr/lib/jvm/java-7-openjdk-i386/jre/../lib/i386:/usr/lib/jvm/java-7-openjdk-i386/jre/lib/i386/client:/usr/lib/jvm/java-7-openjdk-i386/jre/lib/i386:
SHELL=/bin/bash
DISPLAY=:0.0

Signal Handlers:
SIGSEGV: [libjvm.so+0x758d30], sa_mask[0]=0x7ffbfeff, sa_flags=0x10000004
SIGBUS: [libjvm.so+0x758d30], sa_mask[0]=0x7ffbfeff, sa_flags=0x10000004
SIGFPE: [libjvm.so+0x5f4230], sa_mask[0]=0x7ffbfeff, sa_flags=0x10000004
SIGPIPE: [libjvm.so+0x5f4230], sa_mask[0]=0x7ffbfeff, sa_flags=0x10000004
SIGXFSZ: [libjvm.so+0x5f4230], sa_mask[0]=0x7ffbfeff, sa_flags=0x10000004
SIGILL: [libjvm.so+0x5f4230], sa_mask[0]=0x7ffbfeff, sa_flags=0x10000004
SIGUSR1: SIG_DFL, sa_mask[0]=0x00000000, sa_flags=0x00000000
SIGUSR2: [libjvm.so+0x5f40e0], sa_mask[0]=0x00000004, sa_flags=0x10000004
SIGHUP: SIG_DFL, sa_mask[0]=0x00000000, sa_flags=0x00000000
SIGINT: SIG_DFL, sa_mask[0]=0x00000000, sa_flags=0x00000000
SIGTERM: SIG_DFL, sa_mask[0]=0x00000000, sa_flags=0x00000000
SIGQUIT: SIG_DFL, sa_mask[0]=0x00000000, sa_flags=0x00000000


---------------  S Y S T E M  ---------------

OS:Ubuntu 13.04 (raring)
uname:Linux 3.8.0-30-generic #44-Ubuntu SMP Thu Aug 22 20:54:42 UTC 2013 i686
libc:glibc 2.17 NPTL 2.17 
rlimit: STACK 8192k, CORE 0k, NPROC 31214, NOFILE 4096, AS infinity
load average:0.25 0.21 0.22

/proc/meminfo:
MemTotal:        4011912 kB
MemFree:          214184 kB
Buffers:          695440 kB
Cached:          2015476 kB
SwapCached:            0 kB
Active:          1229632 kB
Inactive:        2470864 kB
Active(anon):     754624 kB
Inactive(anon):   581012 kB
Active(file):     475008 kB
Inactive(file):  1889852 kB
Unevictable:        1528 kB
Mlocked:              32 kB
HighTotal:       3162248 kB
HighFree:         138880 kB
LowTotal:         849664 kB
LowFree:           75304 kB
SwapTotal:        262140 kB
SwapFree:         262140 kB
Dirty:                16 kB
Writeback:            96 kB
AnonPages:        991396 kB
Mapped:           196504 kB
Shmem:            344552 kB
Slab:              58188 kB
SReclaimable:      38560 kB
SUnreclaim:        19628 kB
KernelStack:        4192 kB
PageTables:        10364 kB
NFS_Unstable:          0 kB
Bounce:                0 kB
WritebackTmp:          0 kB
CommitLimit:     2268096 kB
Committed_AS:    4431668 kB
VmallocTotal:     122880 kB
VmallocUsed:       15492 kB
VmallocChunk:     104172 kB
HardwareCorrupted:     0 kB
AnonHugePages:         0 kB
HugePages_Total:       0
HugePages_Free:        0
HugePages_Rsvd:        0
HugePages_Surp:        0
Hugepagesize:       2048 kB
DirectMap4k:       10232 kB
DirectMap2M:      903168 kB


CPU:total 4 (2 cores per cpu, 2 threads per core) family 6 model 42 stepping 7, cmov, cx8, fxsr, mmx, sse, sse2, sse3, ssse3, sse4.1, sse4.2, popcnt, avx, ht, tsc, tscinvbit

/proc/cpuinfo:
processor	: 0
vendor_id	: GenuineIntel
cpu family	: 6
model		: 42
model name	: Intel(R) Core(TM) i5-2450M CPU @ 2.50GHz
stepping	: 7
microcode	: 0x28
cpu MHz		: 2501.000
cache size	: 3072 KB
physical id	: 0
siblings	: 4
core id		: 0
cpu cores	: 2
apicid		: 0
initial apicid	: 0
fdiv_bug	: no
hlt_bug		: no
f00f_bug	: no
coma_bug	: no
fpu		: yes
fpu_exception	: yes
cpuid level	: 13
wp		: yes
flags		: fpu vme de pse tsc msr pae mce cx8 apic sep mtrr pge mca cmov pat pse36 clflush dts acpi mmx fxsr sse sse2 ss ht tm pbe nx rdtscp lm constant_tsc arch_perfmon pebs bts xtopology nonstop_tsc aperfmperf eagerfpu pni pclmulqdq dtes64 monitor ds_cpl vmx est tm2 ssse3 cx16 xtpr pdcm pcid sse4_1 sse4_2 x2apic popcnt tsc_deadline_timer aes xsave avx lahf_lm ida arat epb xsaveopt pln pts dtherm tpr_shadow vnmi flexpriority ept vpid
bogomips	: 4988.36
clflush size	: 64
cache_alignment	: 64
address sizes	: 36 bits physical, 48 bits virtual
power management:

processor	: 1
vendor_id	: GenuineIntel
cpu family	: 6
model		: 42
model name	: Intel(R) Core(TM) i5-2450M CPU @ 2.50GHz
stepping	: 7
microcode	: 0x28
cpu MHz		: 2501.000
cache size	: 3072 KB
physical id	: 0
siblings	: 4
core id		: 0
cpu cores	: 2
apicid		: 1
initial apicid	: 1
fdiv_bug	: no
hlt_bug		: no
f00f_bug	: no
coma_bug	: no
fpu		: yes
fpu_exception	: yes
cpuid level	: 13
wp		: yes
flags		: fpu vme de pse tsc msr pae mce cx8 apic sep mtrr pge mca cmov pat pse36 clflush dts acpi mmx fxsr sse sse2 ss ht tm pbe nx rdtscp lm constant_tsc arch_perfmon pebs bts xtopology nonstop_tsc aperfmperf eagerfpu pni pclmulqdq dtes64 monitor ds_cpl vmx est tm2 ssse3 cx16 xtpr pdcm pcid sse4_1 sse4_2 x2apic popcnt tsc_deadline_timer aes xsave avx lahf_lm ida arat epb xsaveopt pln pts dtherm tpr_shadow vnmi flexpriority ept vpid
bogomips	: 4988.36
clflush size	: 64
cache_alignment	: 64
address sizes	: 36 bits physical, 48 bits virtual
power management:

processor	: 2
vendor_id	: GenuineIntel
cpu family	: 6
model		: 42
model name	: Intel(R) Core(TM) i5-2450M CPU @ 2.50GHz
stepping	: 7
microcode	: 0x28
cpu MHz		: 2501.000
cache size	: 3072 KB
physical id	: 0
siblings	: 4
core id		: 1
cpu cores	: 2
apicid		: 2
initial apicid	: 2
fdiv_bug	: no
hlt_bug		: no
f00f_bug	: no
coma_bug	: no
fpu		: yes
fpu_exception	: yes
cpuid level	: 13
wp		: yes
flags		: fpu vme de pse tsc msr pae mce cx8 apic sep mtrr pge mca cmov pat pse36 clflush dts acpi mmx fxsr sse sse2 ss ht tm pbe nx rdtscp lm constant_tsc arch_perfmon pebs bts xtopology nonstop_tsc aperfmperf eagerfpu pni pclmulqdq dtes64 monitor ds_cpl vmx est tm2 ssse3 cx16 xtpr pdcm pcid sse4_1 sse4_2 x2apic popcnt tsc_deadline_timer aes xsave avx lahf_lm ida arat epb xsaveopt pln pts dtherm tpr_shadow vnmi flexpriority ept vpid
bogomips	: 4988.36
clflush size	: 64
cache_alignment	: 64
address sizes	: 36 bits physical, 48 bits virtual
power management:

processor	: 3
vendor_id	: GenuineIntel
cpu family	: 6
model		: 42
model name	: Intel(R) Core(TM) i5-2450M CPU @ 2.50GHz
stepping	: 7
microcode	: 0x28
cpu MHz		: 1900.000
cache size	: 3072 KB
physical id	: 0
siblings	: 4
core id		: 1
cpu cores	: 2
apicid		: 3
initial apicid	: 3
fdiv_bug	: no
hlt_bug		: no
f00f_bug	: no
coma_bug	: no
fpu		: yes
fpu_exception	: yes
cpuid level	: 13
wp		: yes
flags		: fpu vme de pse tsc msr pae mce cx8 apic sep mtrr pge mca cmov pat pse36 clflush dts acpi mmx fxsr sse sse2 ss ht tm pbe nx rdtscp lm constant_tsc arch_perfmon pebs bts xtopology nonstop_tsc aperfmperf eagerfpu pni pclmulqdq dtes64 monitor ds_cpl vmx est tm2 ssse3 cx16 xtpr pdcm pcid sse4_1 sse4_2 x2apic popcnt tsc_deadline_timer aes xsave avx lahf_lm ida arat epb xsaveopt pln pts dtherm tpr_shadow vnmi flexpriority ept vpid
bogomips	: 4988.36
clflush size	: 64
cache_alignment	: 64
address sizes	: 36 bits physical, 48 bits virtual
power management:



Memory: 4k page, physical 4011912k(214184k free), swap 262140k(262140k free)

vm_info: OpenJDK Server VM (23.7-b01) for linux-x86 JRE (1.7.0_25-b30), built on Jul  3 2013 13:58:32 by "buildd" with gcc 4.7.3

time: Mon Sep  9 11:54:47 2013
elapsed time: 0 seconds

